SF:lib/src/models/user.dart
DA:42,2
DA:49,7
DA:60,7
DA:61,14
DA:64,4
DA:65,4
DA:66,4
LF:7
LH:7
end_of_record
SF:lib/src/models/user.g.dart
DA:9,7
DA:10,7
DA:11,7
DA:12,7
DA:13,7
DA:15,10
DA:16,7
DA:18,10
DA:19,7
DA:21,4
DA:22,7
DA:23,7
DA:24,7
DA:28,4
DA:29,4
DA:30,4
DA:33,4
DA:35,1
DA:39,12
DA:40,12
DA:41,12
DA:42,12
DA:43,12
DA:44,12
DA:45,8
LF:25
LH:25
end_of_record
SF:lib/src/models/serialization.dart
DA:1,7
DA:6,10
DA:11,10
DA:12,20
DA:14,30
DA:15,10
DA:16,21
DA:23,8
DA:29,8
DA:30,8
DA:32,12
DA:33,4
DA:34,8
LF:13
LH:13
end_of_record
SF:lib/src/models/attachment.dart
DA:52,2
DA:74,2
DA:75,4
DA:77,4
DA:78,2
LF:5
LH:5
end_of_record
SF:lib/src/models/attachment.g.dart
DA:9,2
DA:10,2
DA:11,2
DA:12,2
DA:13,2
DA:14,2
DA:15,2
DA:16,2
DA:17,2
DA:18,2
DA:19,2
DA:20,2
DA:21,2
DA:22,2
DA:23,2
DA:24,2
DA:25,2
DA:26,2
DA:27,2
DA:28,2
DA:29,2
DA:30,1
DA:31,1
DA:32,2
DA:36,2
DA:37,2
DA:39,2
DA:41,2
DA:45,4
DA:46,4
DA:47,4
DA:48,4
DA:49,4
DA:50,4
DA:51,4
DA:52,4
DA:53,4
DA:54,4
DA:55,4
DA:56,4
DA:57,4
DA:58,4
DA:59,4
DA:60,4
DA:61,4
DA:62,4
DA:63,4
LF:47
LH:47
end_of_record
SF:lib/src/models/action.g.dart
DA:9,2
DA:10,2
DA:11,2
DA:12,2
DA:13,2
DA:14,2
DA:15,2
DA:19,2
DA:20,1
DA:21,1
DA:22,1
DA:23,1
DA:24,1
LF:13
LH:13
end_of_record
SF:lib/src/models/action.dart
DA:13,2
DA:15,4
DA:17,2
LF:3
LH:3
end_of_record
SF:lib/src/models/read.g.dart
DA:9,1
DA:10,1
DA:11,1
DA:13,2
DA:14,1
DA:16,2
DA:20,2
DA:21,2
DA:22,2
LF:9
LH:9
end_of_record
SF:lib/src/models/read.dart
DA:12,1
DA:17,2
DA:18,2
LF:3
LH:3
end_of_record
SF:lib/src/models/member.dart
DA:18,1
DA:30,2
DA:31,0
LF:3
LH:2
end_of_record
SF:lib/src/models/member.g.dart
DA:9,1
DA:10,1
DA:11,1
DA:13,2
DA:14,1
DA:16,0
DA:17,1
DA:19,0
DA:20,1
DA:21,1
DA:22,1
DA:23,1
DA:24,1
DA:26,2
DA:27,1
DA:29,2
DA:33,0
DA:34,0
DA:35,0
DA:36,0
DA:37,0
DA:38,0
DA:39,0
DA:40,0
DA:41,0
DA:42,0
LF:26
LH:14
end_of_record
SF:lib/src/models/event.dart
DA:16,1
DA:25,2
DA:26,2
LF:3
LH:3
end_of_record
SF:lib/src/models/event.g.dart
DA:9,1
DA:10,1
DA:11,1
DA:12,1
DA:13,1
DA:14,1
DA:16,2
DA:17,1
DA:19,2
DA:20,1
DA:22,2
DA:26,2
DA:27,1
DA:28,1
DA:29,1
DA:30,2
DA:31,2
DA:32,2
LF:18
LH:18
end_of_record
SF:lib/src/models/message.dart
DA:81,2
DA:102,2
DA:103,4
DA:105,2
DA:106,4
LF:5
LH:5
end_of_record
SF:lib/src/models/message.g.dart
DA:9,2
DA:10,2
DA:11,2
DA:12,2
DA:13,2
DA:14,2
DA:15,3
DA:16,1
DA:17,2
DA:18,2
DA:19,2
DA:20,0
DA:21,2
DA:22,4
DA:23,2
DA:25,4
DA:26,2
DA:28,2
DA:29,3
DA:30,1
DA:31,2
DA:32,2
DA:33,2
DA:34,0
DA:35,2
DA:36,2
DA:37,2
DA:38,2
DA:39,2
DA:40,2
DA:41,2
DA:43,4
DA:44,2
DA:46,4
DA:47,2
DA:49,4
DA:50,2
DA:54,2
DA:55,2
DA:56,2
DA:57,2
DA:60,2
DA:62,2
DA:66,6
DA:67,2
DA:68,8
DA:69,6
DA:70,6
DA:71,6
DA:72,6
DA:73,6
DA:74,4
DA:75,6
DA:76,4
DA:77,6
DA:78,6
DA:79,6
DA:80,6
DA:81,6
DA:82,4
LF:60
LH:58
end_of_record
SF:lib/src/models/reaction.dart
DA:36,2
DA:46,2
DA:47,2
DA:48,2
DA:51,1
DA:52,1
DA:53,1
LF:7
LH:7
end_of_record
SF:lib/src/models/reaction.g.dart
DA:9,2
DA:10,2
DA:11,2
DA:12,2
DA:14,4
DA:15,2
DA:16,2
DA:18,4
DA:19,2
DA:20,2
DA:21,2
DA:25,1
DA:26,1
DA:27,1
DA:28,1
DA:31,1
DA:33,1
DA:37,3
DA:38,3
DA:39,2
DA:40,3
DA:41,2
LF:22
LH:22
end_of_record
SF:lib/src/models/command.dart
DA:11,2
DA:17,2
DA:18,2
DA:19,2
LF:4
LH:4
end_of_record
SF:lib/src/models/command.g.dart
DA:9,2
DA:10,2
DA:11,2
DA:12,2
DA:13,2
DA:17,2
DA:18,1
DA:19,1
DA:20,1
LF:9
LH:9
end_of_record
SF:lib/src/api/channel.dart
DA:18,0
DA:19,0
DA:21,0
DA:23,0
DA:25,0
DA:26,0
DA:27,0
DA:28,0
DA:30,0
DA:33,0
DA:34,0
DA:35,0
DA:36,0
DA:38,0
DA:41,0
DA:42,0
DA:43,0
DA:44,0
DA:46,0
DA:49,0
DA:50,0
DA:51,0
DA:52,0
DA:55,0
DA:56,0
DA:57,0
DA:58,0
DA:61,0
DA:62,0
DA:63,0
DA:64,0
DA:65,0
DA:66,0
DA:70,0
DA:74,0
DA:75,0
DA:76,0
DA:78,0
DA:81,0
DA:82,0
DA:83,0
DA:84,0
DA:87,0
DA:91,0
DA:92,0
DA:95,0
DA:98,0
DA:99,0
DA:100,0
DA:103,0
DA:104,0
DA:105,0
DA:108,0
DA:109,0
DA:110,0
DA:111,0
DA:114,0
DA:115,0
DA:116,0
DA:117,0
DA:120,0
DA:122,0
DA:123,0
DA:124,0
DA:126,0
DA:129,0
DA:133,0
DA:134,0
DA:135,0
DA:137,0
DA:140,0
DA:144,0
DA:145,0
DA:146,0
DA:148,0
DA:151,0
DA:153,0
DA:154,0
DA:155,0
DA:157,0
DA:160,0
DA:162,0
DA:163,0
DA:164,0
DA:166,0
DA:169,0
DA:171,0
DA:172,0
DA:173,0
DA:176,0
DA:177,0
DA:178,0
DA:181,0
DA:182,0
DA:187,0
DA:188,0
DA:191,0
DA:192,0
DA:193,0
DA:196,0
DA:198,0
DA:199,0
DA:200,0
DA:201,0
DA:204,0
DA:206,0
DA:207,0
DA:208,0
DA:210,0
DA:211,0
DA:214,0
DA:216,0
DA:217,0
DA:218,0
DA:220,0
DA:221,0
DA:224,0
DA:225,0
DA:232,0
DA:233,0
DA:234,0
DA:235,0
DA:237,0
DA:238,0
DA:239,0
DA:240,0
DA:241,0
DA:246,0
DA:250,0
DA:251,0
DA:252,0
DA:253,0
DA:255,0
DA:258,0
DA:259,0
DA:260,0
DA:261,0
DA:265,0
DA:266,0
DA:267,0
DA:268,0
DA:271,0
DA:272,0
DA:273,0
DA:276,0
LF:145
LH:0
end_of_record
SF:lib/src/client.dart
DA:34,0
DA:42,0
DA:44,0
DA:53,0
DA:54,0
DA:57,0
DA:62,0
DA:63,0
DA:64,0
DA:65,0
DA:66,0
DA:67,0
DA:68,0
DA:70,0
DA:71,0
DA:72,0
DA:73,0
DA:75,0
DA:76,0
DA:77,0
DA:83,0
DA:84,0
DA:86,0
DA:87,0
DA:88,0
DA:89,0
DA:90,0
DA:91,0
DA:94,0
DA:97,0
DA:98,0
DA:99,0
DA:102,0
DA:103,0
DA:104,0
DA:105,0
DA:108,0
DA:109,0
DA:110,0
DA:111,0
DA:112,0
DA:115,0
DA:116,0
DA:118,0
DA:120,0
DA:121,0
DA:122,0
DA:123,0
DA:124,0
DA:125,0
DA:126,0
DA:127,0
DA:129,0
DA:130,0
DA:133,0
DA:134,0
DA:137,0
DA:138,0
DA:142,0
DA:147,0
DA:153,0
DA:156,0
DA:159,0
DA:162,0
DA:165,0
DA:167,0
DA:168,0
DA:171,0
DA:172,0
DA:177,0
DA:182,0
DA:187,0
DA:188,0
DA:192,0
DA:197,0
DA:199,0
DA:200,0
DA:204,0
DA:209,0
DA:212,0
DA:213,0
DA:217,0
DA:223,0
DA:229,0
DA:230,0
DA:234,0
DA:240,0
DA:246,0
DA:247,0
DA:252,0
DA:254,0
DA:256,0
DA:261,0
DA:264,0
DA:266,0
DA:267,0
DA:268,0
DA:269,0
DA:272,0
DA:273,0
DA:274,0
DA:275,0
DA:276,0
DA:279,0
DA:280,0
DA:281,0
DA:282,0
DA:283,0
DA:284,0
DA:285,0
DA:289,0
DA:291,0
DA:296,0
DA:297,0
DA:300,0
DA:301,0
DA:305,0
DA:308,0
DA:311,0
DA:313,0
DA:314,0
DA:317,0
DA:318,0
DA:323,0
DA:329,0
DA:336,0
DA:339,0
DA:340,0
DA:341,0
DA:342,0
DA:345,0
DA:346,0
DA:350,0
DA:353,0
DA:354,0
DA:355,0
DA:356,0
DA:359,0
DA:360,0
DA:363,0
DA:366,0
DA:367,0
DA:368,0
DA:369,0
DA:370,0
DA:373,0
DA:378,0
DA:381,0
DA:382,0
DA:383,0
DA:385,0
DA:386,0
DA:389,0
DA:393,0
DA:394,0
DA:397,0
DA:401,0
DA:404,0
DA:408,0
DA:409,0
DA:412,0
DA:416,0
DA:419,0
DA:420,0
DA:423,0
DA:426,0
DA:427,0
DA:430,0
DA:433,0
DA:434,0
DA:437,0
DA:440,0
DA:441,0
DA:444,0
DA:447,0
DA:448,0
DA:449,0
DA:452,0
DA:453,0
DA:454,0
DA:457,0
DA:458,0
DA:459,0
DA:462,0
DA:463,0
DA:464,0
LF:186
LH:0
end_of_record
SF:lib/src/api/requests.dart
DA:13,0
DA:15,0
DA:20,0
DA:26,0
LF:4
LH:0
end_of_record
SF:lib/src/api/requests.g.dart
DA:9,0
DA:10,0
DA:11,0
DA:12,0
DA:15,0
DA:16,0
DA:18,0
DA:19,0
LF:8
LH:0
end_of_record
SF:lib/src/api/responses.dart
DA:22,0
DA:23,0
DA:30,0
DA:31,0
DA:38,0
DA:39,0
DA:46,0
DA:47,0
DA:54,0
DA:55,0
DA:63,0
DA:64,0
DA:72,0
DA:73,0
DA:81,0
DA:82,0
DA:90,0
DA:91,0
DA:98,0
DA:99,0
DA:106,0
DA:107,0
DA:114,0
DA:115,0
DA:122,0
DA:123,0
DA:130,0
DA:131,0
DA:138,0
DA:139,0
DA:148,0
DA:149,0
DA:158,0
DA:159,0
DA:168,0
DA:169,0
DA:178,0
DA:179,0
DA:186,0
DA:187,0
DA:196,0
DA:197,0
DA:206,0
DA:207,0
DA:216,0
DA:217,0
DA:226,0
DA:227,0
DA:232,0
DA:233,0
DA:244,0
DA:247,0
DA:248,0
LF:53
LH:0
end_of_record
SF:lib/src/api/responses.g.dart
DA:9,0
DA:11,0
DA:12,0
DA:13,0
DA:14,0
DA:15,0
DA:16,0
DA:19,0
DA:20,0
DA:21,0
DA:22,0
DA:23,0
DA:24,0
DA:25,0
DA:28,0
DA:30,0
DA:31,0
DA:32,0
DA:33,0
DA:34,0
DA:35,0
DA:38,0
DA:39,0
DA:40,0
DA:41,0
DA:42,0
DA:43,0
DA:44,0
DA:47,0
DA:48,0
DA:49,0
DA:50,0
DA:51,0
DA:52,0
DA:53,0
DA:56,0
DA:57,0
DA:58,0
DA:59,0
DA:62,0
DA:63,0
DA:64,0
DA:65,0
DA:68,0
DA:69,0
DA:70,0
DA:71,0
DA:73,0
DA:74,0
DA:76,0
DA:79,0
DA:80,0
DA:81,0
DA:82,0
DA:83,0
DA:85,0
DA:88,0
DA:89,0
DA:90,0
DA:91,0
DA:92,0
DA:93,0
DA:97,0
DA:99,0
DA:100,0
DA:101,0
DA:103,0
DA:106,0
DA:107,0
DA:108,0
DA:109,0
DA:111,0
DA:114,0
DA:115,0
DA:116,0
DA:117,0
DA:119,0
DA:122,0
DA:124,0
DA:125,0
DA:126,0
DA:127,0
DA:128,0
DA:129,0
DA:132,0
DA:134,0
DA:135,0
DA:136,0
DA:138,0
DA:141,0
DA:143,0
DA:144,0
DA:145,0
DA:147,0
DA:148,0
DA:149,0
DA:150,0
DA:151,0
DA:152,0
DA:154,0
DA:157,0
DA:159,0
DA:160,0
DA:161,0
DA:163,0
DA:164,0
DA:165,0
DA:166,0
DA:167,0
DA:168,0
DA:170,0
DA:173,0
DA:175,0
DA:176,0
DA:177,0
DA:179,0
DA:180,0
DA:181,0
DA:182,0
DA:183,0
DA:184,0
DA:186,0
DA:189,0
DA:191,0
DA:192,0
DA:193,0
DA:195,0
DA:196,0
DA:197,0
DA:198,0
DA:199,0
DA:200,0
DA:202,0
DA:205,0
DA:206,0
DA:207,0
DA:208,0
DA:210,0
DA:213,0
DA:214,0
DA:215,0
DA:216,0
DA:218,0
DA:219,0
DA:220,0
DA:221,0
DA:222,0
DA:223,0
DA:225,0
DA:228,0
DA:229,0
DA:230,0
DA:231,0
DA:233,0
DA:234,0
DA:235,0
DA:236,0
DA:237,0
DA:238,0
DA:240,0
DA:243,0
DA:244,0
DA:245,0
DA:246,0
DA:248,0
DA:249,0
DA:250,0
DA:251,0
DA:252,0
DA:253,0
DA:255,0
DA:258,0
DA:260,0
DA:261,0
DA:262,0
DA:264,0
DA:265,0
DA:266,0
DA:267,0
DA:268,0
DA:269,0
DA:271,0
DA:274,0
DA:275,0
DA:278,0
DA:279,0
DA:280,0
DA:282,0
DA:283,0
DA:284,0
DA:285,0
DA:286,0
DA:287,0
DA:288,0
DA:289,0
DA:290,0
DA:291,0
DA:292,0
DA:293,0
DA:294,0
DA:295,0
DA:296,0
LF:202
LH:0
end_of_record
SF:lib/src/models/device.dart
DA:10,1
DA:15,2
DA:16,2
LF:3
LH:3
end_of_record
SF:lib/src/models/device.g.dart
DA:9,1
DA:10,1
DA:11,1
DA:12,1
DA:16,2
DA:17,1
DA:18,1
LF:7
LH:7
end_of_record
SF:lib/src/models/channel.dart
DA:63,2
DA:79,2
DA:80,2
DA:81,2
DA:84,2
DA:85,2
DA:86,2
LF:7
LH:7
end_of_record
SF:lib/src/models/channel.g.dart
DA:9,2
DA:10,2
DA:11,2
DA:12,2
DA:13,2
DA:14,2
DA:16,2
DA:17,2
DA:19,2
DA:20,2
DA:21,2
DA:23,2
DA:24,2
DA:26,2
DA:27,2
DA:29,2
DA:30,2
DA:32,0
DA:33,2
DA:34,2
DA:35,0
DA:36,0
DA:37,0
DA:38,2
DA:42,2
DA:43,2
DA:44,2
DA:45,2
DA:48,2
DA:50,2
DA:54,6
DA:55,6
DA:56,6
DA:57,4
DA:58,6
DA:59,6
DA:60,6
DA:61,6
DA:62,6
DA:63,4
DA:64,4
LF:41
LH:37
end_of_record
SF:lib/src/models/channel_state.dart
DA:20,1
DA:29,1
DA:30,1
DA:31,2
LF:4
LH:4
end_of_record
SF:lib/src/models/channel_state.g.dart
DA:9,1
DA:10,1
DA:11,1
DA:13,2
DA:14,1
DA:15,2
DA:16,1
DA:17,1
DA:18,1
DA:19,1
DA:20,0
DA:21,1
DA:22,1
DA:23,1
DA:24,0
DA:25,0
DA:26,0
DA:27,1
DA:28,0
DA:29,0
DA:30,0
DA:34,1
DA:35,1
DA:36,2
DA:37,5
DA:38,3
DA:39,1
DA:40,1
DA:41,1
LF:29
LH:22
end_of_record
SF:lib/src/api/web_socket_channel_io.dart
DA:4,0
DA:5,0
LF:2
LH:0
end_of_record
SF:lib/src/api/websocket.dart
DA:32,0
DA:41,0
DA:43,0
DA:44,0
DA:45,0
DA:47,0
DA:49,0
DA:50,0
DA:52,0
DA:53,0
DA:55,0
DA:60,0
DA:61,0
DA:62,0
DA:64,0
DA:65,0
DA:68,0
DA:69,0
DA:71,0
DA:72,0
DA:73,0
DA:75,0
LF:22
LH:0
end_of_record
SF:lib/src/exceptions.dart
DA:10,0
DA:12,0
DA:13,0
DA:18,0
DA:20,0
DA:21,0
DA:22,0
DA:23,0
DA:35,0
DA:39,0
DA:42,0
DA:43,0
DA:44,0
DA:45,0
DA:46,0
DA:48,0
DA:49,0
DA:51,0
DA:53,0
LF:19
LH:0
end_of_record
SF:lib/src/models/channel_config.dart
DA:26,1
DA:45,1
DA:46,1
DA:47,0
LF:4
LH:3
end_of_record
SF:lib/src/models/channel_config.g.dart
DA:9,1
DA:10,1
DA:11,1
DA:12,1
DA:13,2
DA:14,1
DA:15,1
DA:16,1
DA:17,1
DA:19,2
DA:20,1
DA:22,2
DA:23,1
DA:24,1
DA:25,1
DA:26,1
DA:27,1
DA:28,1
DA:29,1
DA:30,1
DA:31,1
DA:32,1
DA:33,1
DA:37,0
DA:38,0
DA:39,0
DA:40,0
DA:41,0
DA:42,0
DA:43,0
DA:44,0
DA:45,0
DA:46,0
DA:47,0
DA:48,0
DA:49,0
DA:50,0
DA:51,0
DA:52,0
DA:53,0
DA:54,0
LF:41
LH:23
end_of_record
